[2026-04-09 22:31:20.569] [646604] [HailoRT] [info] [vdevice.cpp:227] [create] Creating vdevice with params: device_count: 1, scheduling_algorithm: ROUND_ROBIN, multi_process_service: false
[2026-04-09 22:31:20.592] [646604] [HailoRT] [info] [device.cpp:53] [Device] OS Version: Linux 6.12.75+rpt-rpi-2712 #1 SMP PREEMPT Debian 1:6.12.75-1+rpt1 (2026-03-11) aarch64
[2026-04-09 22:33:20.690] [649034] [HailoRT] [info] [vdevice.cpp:227] [create] Creating vdevice with params: device_count: 1, scheduling_algorithm: ROUND_ROBIN, multi_process_service: false
[2026-04-09 22:33:20.724] [649034] [HailoRT] [info] [device.cpp:53] [Device] OS Version: Linux 6.12.75+rpt-rpi-2712 #1 SMP PREEMPT Debian 1:6.12.75-1+rpt1 (2026-03-11) aarch64
[2026-04-09 22:54:54.833] [675309] [HailoRT] [info] [vdevice.cpp:227] [create] Creating vdevice with params: device_count: 1, scheduling_algorithm: ROUND_ROBIN, multi_process_service: false
[2026-04-09 22:54:54.856] [675309] [HailoRT] [info] [device.cpp:53] [Device] OS Version: Linux 6.12.75+rpt-rpi-2712 #1 SMP PREEMPT Debian 1:6.12.75-1+rpt1 (2026-03-11) aarch64
[2026-04-17 12:57:58.321] [136896] [HailoRT] [info] [device.cpp:53] [Device] OS Version: Linux 6.12.75+rpt-rpi-2712 #1 SMP PREEMPT Debian 1:6.12.75-1+rpt1 (2026-03-11) aarch64
[2026-04-17 12:57:59.042] [136930] [HailoRT] [info] [device.cpp:53] [Device] OS Version: Linux 6.12.75+rpt-rpi-2712 #1 SMP PREEMPT Debian 1:6.12.75-1+rpt1 (2026-03-11) aarch64
[2026-04-17 12:57:59.123] [136881] [HailoRT] [info] [vdevice.cpp:227] [create] Creating vdevice with params: device_count: 1, scheduling_algorithm: ROUND_ROBIN, multi_process_service: false
[2026-04-17 12:57:59.145] [136881] [HailoRT] [info] [device.cpp:53] [Device] OS Version: Linux 6.12.75+rpt-rpi-2712 #1 SMP PREEMPT Debian 1:6.12.75-1+rpt1 (2026-03-11) aarch64
[2026-04-17 12:57:59.214] [136881] [HailoRT] [info] [hef.cpp:1963] [get_network_group_and_network_name] No name was given. Addressing all networks of default network_group: yolo26n
[2026-04-17 12:57:59.214] [136881] [HailoRT] [info] [hef.cpp:1963] [get_network_group_and_network_name] No name was given. Addressing all networks of default network_group: yolo26n
[2026-04-17 13:11:21.365] [153576] [HailoRT] [info] [device.cpp:53] [Device] OS Version: Linux 6.12.75+rpt-rpi-2712 #1 SMP PREEMPT Debian 1:6.12.75-1+rpt1 (2026-03-11) aarch64
[2026-04-17 13:11:22.072] [153610] [HailoRT] [info] [device.cpp:53] [Device] OS Version: Linux 6.12.75+rpt-rpi-2712 #1 SMP PREEMPT Debian 1:6.12.75-1+rpt1 (2026-03-11) aarch64
[2026-04-17 13:11:22.159] [153563] [HailoRT] [info] [vdevice.cpp:227] [create] Creating vdevice with params: device_count: 1, scheduling_algorithm: ROUND_ROBIN, multi_process_service: false
[2026-04-17 13:11:22.180] [153563] [HailoRT] [info] [device.cpp:53] [Device] OS Version: Linux 6.12.75+rpt-rpi-2712 #1 SMP PREEMPT Debian 1:6.12.75-1+rpt1 (2026-03-11) aarch64
[2026-04-17 13:11:22.243] [153563] [HailoRT] [info] [hef.cpp:1963] [get_network_group_and_network_name] No name was given. Addressing all networks of default network_group: yolo26n
[2026-04-17 13:11:22.243] [153563] [HailoRT] [info] [hef.cpp:1963] [get_network_group_and_network_name] No name was given. Addressing all networks of default network_group: yolo26n
[2026-04-17 13:20:08.595] [164927] [HailoRT] [info] [device.cpp:53] [Device] OS Version: Linux 6.12.75+rpt-rpi-2712 #1 SMP PREEMPT Debian 1:6.12.75-1+rpt1 (2026-03-11) aarch64
[2026-04-17 13:20:09.294] [164961] [HailoRT] [info] [device.cpp:53] [Device] OS Version: Linux 6.12.75+rpt-rpi-2712 #1 SMP PREEMPT Debian 1:6.12.75-1+rpt1 (2026-03-11) aarch64
[2026-04-17 13:20:09.375] [164913] [HailoRT] [info] [vdevice.cpp:227] [create] Creating vdevice with params: device_count: 1, scheduling_algorithm: ROUND_ROBIN, multi_process_service: false
[2026-04-17 13:20:09.397] [164913] [HailoRT] [info] [device.cpp:53] [Device] OS Version: Linux 6.12.75+rpt-rpi-2712 #1 SMP PREEMPT Debian 1:6.12.75-1+rpt1 (2026-03-11) aarch64
[2026-04-17 13:20:09.461] [164913] [HailoRT] [info] [hef.cpp:1963] [get_network_group_and_network_name] No name was given. Addressing all networks of default network_group: yolo26n
[2026-04-17 13:20:09.461] [164913] [HailoRT] [info] [hef.cpp:1963] [get_network_group_and_network_name] No name was given. Addressing all networks of default network_group: yolo26n
[2026-04-17 13:20:09.523] [164913] [HailoRT] [error] [infer_model_hrpc_client.cpp:113] [configure] CHECK_SUCCESS failed with status=HAILO_HEF_NOT_COMPATIBLE_WITH_DEVICE(93)
[2026-05-14 14:11:39.557] [9564] [HailoRT] [info] [vdevice.cpp:227] [create] Creating vdevice with params: device_count: 1, scheduling_algorithm: ROUND_ROBIN, multi_process_service: false
[2026-05-14 14:11:39.580] [9564] [HailoRT] [info] [device.cpp:53] [Device] OS Version: Linux 6.12.75+rpt-rpi-2712 #1 SMP PREEMPT Debian 1:6.12.75-1+rpt1 (2026-03-11) aarch64
[2026-05-14 14:14:28.727] [9778] [HailoRT] [info] [vdevice.cpp:227] [create] Creating vdevice with params: device_count: 1, scheduling_algorithm: ROUND_ROBIN, multi_process_service: false
[2026-05-14 14:14:28.750] [9778] [HailoRT] [info] [device.cpp:53] [Device] OS Version: Linux 6.12.75+rpt-rpi-2712 #1 SMP PREEMPT Debian 1:6.12.75-1+rpt1 (2026-03-11) aarch64
[2026-05-14 17:48:23.413] [11723] [HailoRT] [info] [vdevice.cpp:227] [create] Creating vdevice with params: device_count: 1, scheduling_algorithm: ROUND_ROBIN, multi_process_service: false
[2026-05-14 17:48:23.454] [11723] [HailoRT] [info] [device.cpp:53] [Device] OS Version: Linux 6.12.75+rpt-rpi-2712 #1 SMP PREEMPT Debian 1:6.12.75-1+rpt1 (2026-03-11) aarch64
[2026-05-15 11:49:13.773] [3032] [HailoRT] [info] [vdevice.cpp:227] [create] Creating vdevice with params: device_count: 1, scheduling_algorithm: ROUND_ROBIN, multi_process_service: false
[2026-05-15 11:49:13.796] [3032] [HailoRT] [info] [device.cpp:53] [Device] OS Version: Linux 6.12.75+rpt-rpi-2712 #1 SMP PREEMPT Debian 1:6.12.75-1+rpt1 (2026-03-11) aarch64
[2026-05-15 11:50:48.726] [3079] [HailoRT] [info] [vdevice.cpp:227] [create] Creating vdevice with params: device_count: 1, scheduling_algorithm: ROUND_ROBIN, multi_process_service: false
[2026-05-15 11:50:48.750] [3079] [HailoRT] [info] [device.cpp:53] [Device] OS Version: Linux 6.12.75+rpt-rpi-2712 #1 SMP PREEMPT Debian 1:6.12.75-1+rpt1 (2026-03-11) aarch64
[2026-05-15 11:52:22.461] [3119] [HailoRT] [info] [vdevice.cpp:227] [create] Creating vdevice with params: device_count: 1, scheduling_algorithm: ROUND_ROBIN, multi_process_service: false
[2026-05-15 11:52:22.484] [3119] [HailoRT] [info] [device.cpp:53] [Device] OS Version: Linux 6.12.75+rpt-rpi-2712 #1 SMP PREEMPT Debian 1:6.12.75-1+rpt1 (2026-03-11) aarch64
[2026-05-18 14:17:23.757] [12313] [HailoRT] [info] [device.cpp:53] [Device] OS Version: Linux 6.12.75+rpt-rpi-2712 #1 SMP PREEMPT Debian 1:6.12.75-1+rpt1 (2026-03-11) aarch64
[2026-05-18 14:17:23.918] [12312] [HailoRT] [info] [vdevice.cpp:227] [create] Creating vdevice with params: device_count: 1, scheduling_algorithm: ROUND_ROBIN, multi_process_service: false
[2026-05-18 14:17:23.954] [12312] [HailoRT] [info] [device.cpp:53] [Device] OS Version: Linux 6.12.75+rpt-rpi-2712 #1 SMP PREEMPT Debian 1:6.12.75-1+rpt1 (2026-03-11) aarch64
[2026-05-18 14:17:56.768] [12384] [HailoRT] [info] [device.cpp:53] [Device] OS Version: Linux 6.12.75+rpt-rpi-2712 #1 SMP PREEMPT Debian 1:6.12.75-1+rpt1 (2026-03-11) aarch64
[2026-05-18 14:17:56.839] [12278] [HailoRT] [info] [vdevice.cpp:227] [create] Creating vdevice with params: device_count: 1, scheduling_algorithm: ROUND_ROBIN, multi_process_service: false
[2026-05-18 14:17:56.859] [12278] [HailoRT] [info] [device.cpp:53] [Device] OS Version: Linux 6.12.75+rpt-rpi-2712 #1 SMP PREEMPT Debian 1:6.12.75-1+rpt1 (2026-03-11) aarch64
[2026-05-18 14:17:57.071] [12278] [HailoRT] [info] [hef.cpp:1963] [get_network_group_and_network_name] No name was given. Addressing all networks of default network_group: scdepthv3
[2026-05-18 14:17:57.071] [12278] [HailoRT] [info] [hef.cpp:1963] [get_network_group_and_network_name] No name was given. Addressing all networks of default network_group: scdepthv3
